<?xml version="1.0" encoding="UTF-8"?>
<!-- Generated by org.testng.reporters.JUnitXMLReporter -->
<testsuite hostname="DESKTOP-6DH5KOE" ignored="0" name="Test" tests="5" failures="1" timestamp="18 Jun 2021 09:25:42 GMT" time="0.047" errors="0">
  <testcase name="method1" time="0.006" classname="MyTestPackage.TestPractice">
    <skipped/>
  </testcase> <!-- method1 -->
  <testcase name="method1" time="0.002" classname="MyTestPackage.TestPractice">
    <failure type="java.lang.AssertionError" message="expected [true] but found [false]">
      <![CDATA[java.lang.AssertionError: expected [true] but found [false]
at MyTestPackage.TestPractice.method1(TestPractice.java:39)
... Removed 31 stack frames]]>
    </failure>
  </testcase> <!-- method1 -->
  <testcase name="method2" time="0.002" classname="MyTestPackage.TestPractice"/>
  <testcase name="method1" time="0.001" classname="MyTestPackage.TestPractice2"/>
  <testcase name="method2" time="0.001" classname="MyTestPackage.TestPractice2"/>
</testsuite> <!-- Test -->
